
> fishy-feeder@1.0.0 start /home/pi/rpi-web-control/pi_node
> node server.js

Listening on port 8088

> fishy-feeder@1.0.0 start /home/pi/rpi-web-control/pi_node
> node server.js

Listening on port 8088
Terminated

npm ERR! Linux 4.4.46-v7+
npm ERR! argv "/usr/local/bin/node" "/usr/local/bin/npm" "start"
npm ERR! node v4.2.1
npm ERR! npm  v4.2.0
npm ERR! code ELIFECYCLE
npm ERR! errno 143
npm ERR! fishy-feeder@1.0.0 start: `node server.js`
npm ERR! Exit status 143
npm ERR! 
npm ERR! Failed at the fishy-feeder@1.0.0 start script 'node server.js'.
npm ERR! Make sure you have the latest version of node.js and npm installed.
npm ERR! If you do, this is most likely a problem with the fishy-feeder package,
npm ERR! not with npm itself.
npm ERR! Tell the author that this fails on your system:
npm ERR!     node server.js
npm ERR! You can get information on how to open an issue for this project with:
npm ERR!     npm bugs fishy-feeder
npm ERR! Or if that isn't available, you can get their info via:
npm ERR!     npm owner ls fishy-feeder
npm ERR! There is likely additional logging output above.

npm ERR! Please include the following file with any support request:
npm ERR!     /home/pi/.npm/_logs/2017-04-25T00_22_37_827Z-debug.log

> fishy-feeder@1.0.0 start /home/pi/rpi-web-control/pi_node
> node server.js

Listening on port 8088
